This is pdfTeX, Version 3.14159265-2.6-1.40.16 (TeX Live 2015/Debian) (preloaded format=pdflatex 2017.10.26)  26 OCT 2017 20:43
entering extended mode
 restricted \write18 enabled.
 %&-line parsing enabled.
**information.tex
(./information.tex
LaTeX2e <2016/02/01>
Babel <3.9q> and hyphenation patterns for 81 language(s) loaded.
)
! Emergency stop.
<*> information.tex
                   
*** (job aborted, no legal \end found)

 
Here is how much of TeX's memory you used:
 29 strings out of 493029
 453 string characters out of 6136233
 53539 words of memory out of 5000000
 3665 multiletter control sequences out of 15000+600000
 3640 words of font info for 14 fonts, out of 8000000 for 9000
 1141 hyphenation exceptions out of 8191
 5i,0n,1p,1116b,8s stack positions out of 5000i,500n,10000p,200000b,80000s
!  ==> Fatal error occurred, no output PDF file produced!
